<?xml version="1.0" encoding="UTF-8"?>
<!-- Generated by org.testng.reporters.JUnitXMLReporter -->
<testsuite ignored="0" hostname="DESKTOP-ET7TTIO" failures="1" tests="1" name="Test1" time="17.994" errors="0" timestamp="2023-01-29T16:08:33 IST">
  <testcase classname="parallel_Execution.a1" name="tc1" time="17.877">
    <failure type="org.openqa.selenium.SessionNotCreatedException" message="session not created: This version of ChromeDriver only supports Chrome version 107
Current browser version is 109.0.5414.120 with binary path C:\Program Files (x86)\Google\Chrome\Application\chrome.exe
Build info: version: &amp;apos;3.141.59&amp;apos;, revision: &amp;apos;e82be7d358&amp;apos;, time: &amp;apos;2018-11-14T08:25:48&amp;apos;
System info: host: &amp;apos;DESKTOP-ET7TTIO&amp;apos;, ip: &amp;apos;192.168.43.208&amp;apos;, os.name: &amp;apos;Windows 10&amp;apos;, os.arch: &amp;apos;amd64&amp;apos;, os.version: &amp;apos;10.0&amp;apos;, java.version: &amp;apos;18.0.2.1&amp;apos;
Driver info: driver.version: ChromeDriver
remote stacktrace: Backtrace:
	Ordinal0 [0x00DDACD3+2075859]
	Ordinal0 [0x00D6EE61+1633889]
	Ordinal0 [0x00C6B7BD+571325]
	Ordinal0 [0x00C8DFCD+712653]
	Ordinal0 [0x00C89266+692838]
	Ordinal0 [0x00C86BE9+682985]
	Ordinal0 [0x00CBDBD3+908243]
	Ordinal0 [0x00CBD6AA+906922]
	Ordinal0 [0x00CB7136+880950]
	Ordinal0 [0x00C8FEFD+720637]
	Ordinal0 [0x00C90F3F+724799]
	GetHandleVerifier [0x0108EED2+2769538]
	GetHandleVerifier [0x01080D95+2711877]
	GetHandleVerifier [0x00E6A03A+521194]
	GetHandleVerifier [0x00E68DA0+516432]
	Ordinal0 [0x00D7682C+1665068]
	Ordinal0 [0x00D7B128+1683752]
	Ordinal0 [0x00D7B215+1683989]
	Ordinal0 [0x00D86484+1729668]
	BaseThreadInitThunk [0x771800F9+25]
	RtlGetAppContainerNamedObjectPath [0x77807BBE+286]
	RtlGetAppContainerNamedObjectPath [0x77807B8E+238]
">
      <![CDATA[org.openqa.selenium.SessionNotCreatedException: session not created: This version of ChromeDriver only supports Chrome version 107
Current browser version is 109.0.5414.120 with binary path C:\Program Files (x86)\Google\Chrome\Application\chrome.exe
Build info: version: '3.141.59', revision: 'e82be7d358', time: '2018-11-14T08:25:48'
System info: host: 'DESKTOP-ET7TTIO', ip: '192.168.43.208', os.name: 'Windows 10', os.arch: 'amd64', os.version: '10.0', java.version: '18.0.2.1'
Driver info: driver.version: ChromeDriver
remote stacktrace: Backtrace:
Ordinal0 [0x00DDACD3+2075859]
Ordinal0 [0x00D6EE61+1633889]
Ordinal0 [0x00C6B7BD+571325]
Ordinal0 [0x00C8DFCD+712653]
Ordinal0 [0x00C89266+692838]
Ordinal0 [0x00C86BE9+682985]
Ordinal0 [0x00CBDBD3+908243]
Ordinal0 [0x00CBD6AA+906922]
Ordinal0 [0x00CB7136+880950]
Ordinal0 [0x00C8FEFD+720637]
Ordinal0 [0x00C90F3F+724799]
GetHandleVerifier [0x0108EED2+2769538]
GetHandleVerifier [0x01080D95+2711877]
GetHandleVerifier [0x00E6A03A+521194]
GetHandleVerifier [0x00E68DA0+516432]
Ordinal0 [0x00D7682C+1665068]
Ordinal0 [0x00D7B128+1683752]
Ordinal0 [0x00D7B215+1683989]
Ordinal0 [0x00D86484+1729668]
BaseThreadInitThunk [0x771800F9+25]
RtlGetAppContainerNamedObjectPath [0x77807BBE+286]
RtlGetAppContainerNamedObjectPath [0x77807B8E+238]

at org.openqa.selenium.remote.W3CHandshakeResponse.lambda$errorHandler$0(W3CHandshakeResponse.java:62)
at org.openqa.selenium.remote.HandshakeResponse.lambda$getResponseFunction$0(HandshakeResponse.java:30)
at org.openqa.selenium.remote.ProtocolHandshake.lambda$createSession$0(ProtocolHandshake.java:126)
at java.base/java.util.stream.ReferencePipeline$3$1.accept(ReferencePipeline.java:197)
at java.base/java.util.Spliterators$ArraySpliterator.tryAdvance(Spliterators.java:1002)
at java.base/java.util.stream.ReferencePipeline.forEachWithCancel(ReferencePipeline.java:129)
at java.base/java.util.stream.AbstractPipeline.copyIntoWithCancel(AbstractPipeline.java:527)
at java.base/java.util.stream.AbstractPipeline.copyInto(AbstractPipeline.java:513)
at java.base/java.util.stream.AbstractPipeline.wrapAndCopyInto(AbstractPipeline.java:499)
at java.base/java.util.stream.FindOps$FindOp.evaluateSequential(FindOps.java:150)
at java.base/java.util.stream.AbstractPipeline.evaluate(AbstractPipeline.java:234)
at java.base/java.util.stream.ReferencePipeline.findFirst(ReferencePipeline.java:647)
at org.openqa.selenium.remote.ProtocolHandshake.createSession(ProtocolHandshake.java:128)
at org.openqa.selenium.remote.ProtocolHandshake.createSession(ProtocolHandshake.java:74)
at org.openqa.selenium.remote.HttpCommandExecutor.execute(HttpCommandExecutor.java:136)
at org.openqa.selenium.remote.service.DriverCommandExecutor.execute(DriverCommandExecutor.java:83)
at org.openqa.selenium.remote.RemoteWebDriver.execute(RemoteWebDriver.java:552)
at org.openqa.selenium.remote.RemoteWebDriver.startSession(RemoteWebDriver.java:213)
at org.openqa.selenium.remote.RemoteWebDriver.<init>(RemoteWebDriver.java:131)
at org.openqa.selenium.chrome.ChromeDriver.<init>(ChromeDriver.java:181)
at org.openqa.selenium.chrome.ChromeDriver.<init>(ChromeDriver.java:168)
at org.openqa.selenium.chrome.ChromeDriver.<init>(ChromeDriver.java:123)
at parallel_Execution.a1.tc1(a1.java:12)
at java.base/java.util.ArrayList.forEach(ArrayList.java:1511)
at java.base/java.util.concurrent.FutureTask.run(FutureTask.java:264)
at java.base/java.util.concurrent.ThreadPoolExecutor.runWorker(ThreadPoolExecutor.java:1136)
at java.base/java.util.concurrent.ThreadPoolExecutor$Worker.run(ThreadPoolExecutor.java:635)
at java.base/java.lang.Thread.run(Thread.java:833)
... Removed 19 stack frames]]>
    </failure>
  </testcase> <!-- tc1 -->
</testsuite> <!-- Test1 -->
