<?xml version="1.0" encoding="UTF-8"?>
<!-- Generated by org.testng.reporters.JUnitReportReporter -->
<testsuite hostname="DESKTOP-ET7TTIO" failures="0" tests="1" name="parallel_Execution.a2" time="17.876" errors="1" timestamp="2023-01-29T16:08:33 IST" skipped="0">
  <testcase classname="parallel_Execution.a2" name="tc2" time="17.876">
    <error message="session not created: This version of ChromeDriver only supports Chrome version 107
Current browser version is 109.0.5414.120 with binary path C:\Program Files (x86)\Google\Chrome\Application\chrome.exe
Build info: version: &#039;3.141.59&#039;, revision: &#039;e82be7d358&#039;, time: &#039;2018-11-14T08:25:48&#039;
System info: host: &#039;DESKTOP-ET7TTIO&#039;, ip: &#039;192.168.43.208&#039;, os.name: &#039;Windows 10&#039;, os.arch: &#039;amd64&#039;, os.version: &#039;10.0&#039;, java.version: &#039;18.0.2.1&#039;
Driver info: driver.version: ChromeDriver
remote stacktrace: Backtrace:
	Ordinal0 [0x00DDACD3+2075859]
	Ordinal0 [0x00D6EE61+1633889]
	Ordinal0 [0x00C6B7BD+571325]
	Ordinal0 [0x00C8DFCD+712653]
	Ordinal0 [0x00C89266+692838]
	Ordinal0 [0x00C86BE9+682985]
	Ordinal0 [0x00CBDBD3+908243]
	Ordinal0 [0x00CBD6AA+906922]
	Ordinal0 [0x00CB7136+880950]
	Ordinal0 [0x00C8FEFD+720637]
	Ordinal0 [0x00C90F3F+724799]
	GetHandleVerifier [0x0108EED2+2769538]
	GetHandleVerifier [0x01080D95+2711877]
	GetHandleVerifier [0x00E6A03A+521194]
	GetHandleVerifier [0x00E68DA0+516432]
	Ordinal0 [0x00D7682C+1665068]
	Ordinal0 [0x00D7B128+1683752]
	Ordinal0 [0x00D7B215+1683989]
	Ordinal0 [0x00D86484+1729668]
	BaseThreadInitThunk [0x771800F9+25]
	RtlGetAppContainerNamedObjectPath [0x77807BBE+286]
	RtlGetAppContainerNamedObjectPath [0x77807B8E+238]
" type="org.openqa.selenium.SessionNotCreatedException">
      <![CDATA[org.openqa.selenium.SessionNotCreatedException: session not created: This version of ChromeDriver only supports Chrome version 107
Current browser version is 109.0.5414.120 with binary path C:\Program Files (x86)\Google\Chrome\Application\chrome.exe
Build info: version: '3.141.59', revision: 'e82be7d358', time: '2018-11-14T08:25:48'
System info: host: 'DESKTOP-ET7TTIO', ip: '192.168.43.208', os.name: 'Windows 10', os.arch: 'amd64', os.version: '10.0', java.version: '18.0.2.1'
Driver info: driver.version: ChromeDriver
remote stacktrace: Backtrace:
Ordinal0 [0x00DDACD3+2075859]
Ordinal0 [0x00D6EE61+1633889]
Ordinal0 [0x00C6B7BD+571325]
Ordinal0 [0x00C8DFCD+712653]
Ordinal0 [0x00C89266+692838]
Ordinal0 [0x00C86BE9+682985]
Ordinal0 [0x00CBDBD3+908243]
Ordinal0 [0x00CBD6AA+906922]
Ordinal0 [0x00CB7136+880950]
Ordinal0 [0x00C8FEFD+720637]
Ordinal0 [0x00C90F3F+724799]
GetHandleVerifier [0x0108EED2+2769538]
GetHandleVerifier [0x01080D95+2711877]
GetHandleVerifier [0x00E6A03A+521194]
GetHandleVerifier [0x00E68DA0+516432]
Ordinal0 [0x00D7682C+1665068]
Ordinal0 [0x00D7B128+1683752]
Ordinal0 [0x00D7B215+1683989]
Ordinal0 [0x00D86484+1729668]
BaseThreadInitThunk [0x771800F9+25]
RtlGetAppContainerNamedObjectPath [0x77807BBE+286]
RtlGetAppContainerNamedObjectPath [0x77807B8E+238]

at java.base/jdk.internal.reflect.DirectConstructorHandleAccessor.newInstance(DirectConstructorHandleAccessor.java:67)
at java.base/java.lang.reflect.Constructor.newInstanceWithCaller(Constructor.java:499)
at java.base/java.lang.reflect.Constructor.newInstance(Constructor.java:483)
at org.openqa.selenium.remote.W3CHandshakeResponse.lambda$errorHandler$0(W3CHandshakeResponse.java:62)
at org.openqa.selenium.remote.HandshakeResponse.lambda$getResponseFunction$0(HandshakeResponse.java:30)
at org.openqa.selenium.remote.ProtocolHandshake.lambda$createSession$0(ProtocolHandshake.java:126)
at java.base/java.util.stream.ReferencePipeline$3$1.accept(ReferencePipeline.java:197)
at java.base/java.util.Spliterators$ArraySpliterator.tryAdvance(Spliterators.java:1002)
at java.base/java.util.stream.ReferencePipeline.forEachWithCancel(ReferencePipeline.java:129)
at java.base/java.util.stream.AbstractPipeline.copyIntoWithCancel(AbstractPipeline.java:527)
at java.base/java.util.stream.AbstractPipeline.copyInto(AbstractPipeline.java:513)
at java.base/java.util.stream.AbstractPipeline.wrapAndCopyInto(AbstractPipeline.java:499)
at java.base/java.util.stream.FindOps$FindOp.evaluateSequential(FindOps.java:150)
at java.base/java.util.stream.AbstractPipeline.evaluate(AbstractPipeline.java:234)
at java.base/java.util.stream.ReferencePipeline.findFirst(ReferencePipeline.java:647)
at org.openqa.selenium.remote.ProtocolHandshake.createSession(ProtocolHandshake.java:128)
at org.openqa.selenium.remote.ProtocolHandshake.createSession(ProtocolHandshake.java:74)
at org.openqa.selenium.remote.HttpCommandExecutor.execute(HttpCommandExecutor.java:136)
at org.openqa.selenium.remote.service.DriverCommandExecutor.execute(DriverCommandExecutor.java:83)
at org.openqa.selenium.remote.RemoteWebDriver.execute(RemoteWebDriver.java:552)
at org.openqa.selenium.remote.RemoteWebDriver.startSession(RemoteWebDriver.java:213)
at org.openqa.selenium.remote.RemoteWebDriver.<init>(RemoteWebDriver.java:131)
at org.openqa.selenium.chrome.ChromeDriver.<init>(ChromeDriver.java:181)
at org.openqa.selenium.chrome.ChromeDriver.<init>(ChromeDriver.java:168)
at org.openqa.selenium.chrome.ChromeDriver.<init>(ChromeDriver.java:123)
at parallel_Execution.a2.tc2(a2.java:12)
at java.base/jdk.internal.reflect.DirectMethodHandleAccessor.invoke(DirectMethodHandleAccessor.java:104)
at java.base/java.lang.reflect.Method.invoke(Method.java:577)
at org.testng.internal.MethodInvocationHelper.invokeMethod(MethodInvocationHelper.java:133)
at org.testng.internal.TestInvoker.invokeMethod(TestInvoker.java:598)
at org.testng.internal.TestInvoker.invokeTestMethod(TestInvoker.java:173)
at org.testng.internal.MethodRunner.runInSequence(MethodRunner.java:46)
at org.testng.internal.TestInvoker$MethodInvocationAgent.invoke(TestInvoker.java:824)
at org.testng.internal.TestInvoker.invokeTestMethods(TestInvoker.java:146)
at org.testng.internal.TestMethodWorker.invokeTestMethods(TestMethodWorker.java:146)
at org.testng.internal.TestMethodWorker.run(TestMethodWorker.java:128)
at java.base/java.util.ArrayList.forEach(ArrayList.java:1511)
at org.testng.TestRunner.privateRun(TestRunner.java:794)
at org.testng.TestRunner.run(TestRunner.java:596)
at org.testng.SuiteRunner.runTest(SuiteRunner.java:377)
at org.testng.SuiteRunner.access$000(SuiteRunner.java:28)
at org.testng.SuiteRunner$SuiteWorker.run(SuiteRunner.java:418)
at org.testng.internal.thread.ThreadUtil.lambda$execute$0(ThreadUtil.java:64)
at java.base/java.util.concurrent.FutureTask.run(FutureTask.java:264)
at java.base/java.util.concurrent.ThreadPoolExecutor.runWorker(ThreadPoolExecutor.java:1136)
at java.base/java.util.concurrent.ThreadPoolExecutor$Worker.run(ThreadPoolExecutor.java:635)
at java.base/java.lang.Thread.run(Thread.java:833)
]]>
    </error>
  </testcase> <!-- tc2 -->
  <system-out/>
</testsuite> <!-- parallel_Execution.a2 -->
